<?xml version="1.0" encoding="UTF-8"?>
<!-- Generated by org.testng.reporters.JUnitXMLReporter -->
<testsuite ignored="13" hostname="DESKTOP-K88N4KF" failures="0" tests="1" name="Default test" time="86.266" errors="0" timestamp="2023-02-27T16:56:16 IST">
  <testcase classname="com.WebmathTestCases.TestClass" name="validatefractiontodecimal" time="21.445"/>
  <testcase classname="com.WebmathTestCases.TestClass" name="validateHomepage" time="0.0">
    <ignored/>
  </testcase> <!-- validateHomepage -->
  <testcase classname="com.WebmathTestCases.TestClass" name="multiplybasicinvaliddata" time="0.0">
    <ignored/>
  </testcase> <!-- multiplybasicinvaliddata -->
  <testcase classname="com.WebmathTestCases.TestClass" name="validatemultipy" time="0.0">
    <ignored/>
  </testcase> <!-- validatemultipy -->
  <testcase classname="com.WebmathTestCases.TestClass" name="circledraw" time="0.0">
    <ignored/>
  </testcase> <!-- circledraw -->
  <testcase classname="com.WebmathTestCases.TestClass" name="proportionscalculatinginvaliddata" time="0.0">
    <ignored/>
  </testcase> <!-- proportionscalculatinginvaliddata -->
  <testcase classname="com.WebmathTestCases.TestClass" name="validatesimpleintrest" time="0.0">
    <ignored/>
  </testcase> <!-- validatesimpleintrest -->
  <testcase classname="com.WebmathTestCases.TestClass" name="validatenumbersfactors" time="0.0">
    <ignored/>
  </testcase> <!-- validatenumbersfactors -->
  <testcase classname="com.WebmathTestCases.TestClass" name="multiplybasic" time="0.0">
    <ignored/>
  </testcase> <!-- multiplybasic -->
  <testcase classname="com.WebmathTestCases.TestClass" name="findprimefactors" time="0.0">
    <ignored/>
  </testcase> <!-- findprimefactors -->
  <testcase classname="com.WebmathTestCases.TestClass" name="proportionscalculating" time="0.0">
    <ignored/>
  </testcase> <!-- proportionscalculating -->
  <testcase classname="com.WebmathTestCases.TestClass" name="validatespeedcalculateion" time="0.0">
    <ignored/>
  </testcase> <!-- validatespeedcalculateion -->
  <testcase classname="com.WebmathTestCases.TestClass" name="validatelength" time="0.0">
    <ignored/>
  </testcase> <!-- validatelength -->
  <testcase classname="com.WebmathTestCases.TestClass" name="pointswithslopecalculation" time="0.0">
    <ignored/>
  </testcase> <!-- pointswithslopecalculation -->
</testsuite> <!-- Default test -->
